mktextfm FontAwesome
mktextfm FontAwesome
mktextfm FontAwesome
mktextfm FontAwesome/BI
mktextfm FontAwesome
mktextfm FontAwesome/B
mktextfm FontAwesome
mktextfm FontAwesome/I
mktextfm FontAwesome
mktextfm FontAwesome
mktextfm FontAwesome
mktextfm FontAwesome
mktextfm FontAwesome
mktextfm FontAwesome/BI
mktextfm FontAwesome
mktextfm FontAwesome/B
mktextfm FontAwesome
mktextfm FontAwesome/I
mktextfm FontAwesome
mktextfm FontAwesome
mktextfm FontAwesome
mktextfm FontAwesome
mktextfm FontAwesome
mktextfm FontAwesome/BI
mktextfm FontAwesome
mktextfm FontAwesome/B
mktextfm FontAwesome
mktextfm FontAwesome/I
mktextfm FontAwesome
mktextfm FontAwesome
mktextfm FontAwesome
mktextfm FontAwesome
mktextfm FontAwesome
mktextfm FontAwesome/BI
mktextfm FontAwesome
mktextfm FontAwesome/B
mktextfm FontAwesome
mktextfm FontAwesome/I
mktextfm FontAwesome
mktextfm FontAwesome
mktextfm FontAwesome
mktextfm FontAwesome
mktextfm FontAwesome
mktextfm FontAwesome/BI
mktextfm FontAwesome
mktextfm FontAwesome/B
mktextfm FontAwesome
mktextfm FontAwesome/I
mktextfm FontAwesome
mktextfm FontAwesome
mktextfm Unit-Medium
mktextfm Unit-Medium
mktextfm Unit-Medium
mktextfm Unit-Medium/BI
mktextfm Unit-Medium
mktextfm Unit-Medium/B
mktextfm Unit-Medium
mktextfm Unit-Medium/I
mktextfm Unit-Medium
mktextfm Unit-Medium
mktextfm PragmataPro
mktextfm PragmataPro
mktextfm PragmataPro
mktextfm PragmataPro/BI
mktextfm PragmataPro
mktextfm PragmataPro/B
mktextfm PragmataPro
mktextfm PragmataPro/I
mktextfm PragmataPro
mktextfm PragmataPro
mktextfm PragmataPro
mktextfm Unit-Medium
mktextfm Unit-Medium
mktextfm PragmataPro
mktextfm PragmataPro
mktextfm Unit-Medium
mktextfm Unit-Medium
mktextfm Unit-Medium
mktextfm Unit-Medium/BI
mktextfm Unit-Medium
mktextfm Unit-Medium/B
mktextfm Unit-Medium
mktextfm Unit-Medium/I
mktextfm Unit-Medium
mktextfm Unit-Medium
mktextfm PragmataPro
mktextfm PragmataPro
mktextfm PragmataPro
mktextfm PragmataPro/BI
mktextfm PragmataPro
mktextfm PragmataPro/B
mktextfm PragmataPro
mktextfm PragmataPro/I
mktextfm PragmataPro
mktextfm PragmataPro
mktextfm PragmataPro
mktextfm Unit-Medium
mktextfm Unit-Medium
mktextfm PragmataPro
mktextfm PragmataPro
mktextfm Unit-Medium
mktextfm Unit-Medium
mktextfm Unit-Medium
mktextfm Unit-Medium/BI
mktextfm Unit-Medium
mktextfm Unit-Medium/B
mktextfm Unit-Medium
mktextfm Unit-Medium/I
mktextfm Unit-Medium
mktextfm Unit-Medium
mktextfm PragmataPro
mktextfm PragmataPro
mktextfm PragmataPro
mktextfm PragmataPro/BI
mktextfm PragmataPro
mktextfm PragmataPro/B
mktextfm PragmataPro
mktextfm PragmataPro/I
mktextfm PragmataPro
mktextfm PragmataPro
mktextfm PragmataPro
mktextfm Unit-Medium
mktextfm Unit-Medium
mktextfm PragmataPro
mktextfm PragmataPro
mktextfm Unit-Medium
mktextfm Unit-Medium
mktextfm Unit-Medium
mktextfm Unit-Medium/BI
mktextfm Unit-Medium
mktextfm Unit-Medium/B
mktextfm Unit-Medium
mktextfm Unit-Medium/I
mktextfm Unit-Medium
mktextfm Unit-Medium
mktextfm PragmataPro
mktextfm PragmataPro
mktextfm PragmataPro
mktextfm PragmataPro/BI
mktextfm PragmataPro
mktextfm PragmataPro/B
mktextfm PragmataPro
mktextfm PragmataPro/I
mktextfm PragmataPro
mktextfm PragmataPro
mktextfm PragmataPro
mktextfm Unit-Medium
mktextfm Unit-Medium
mktextfm PragmataPro
mktextfm PragmataPro
